#
# There is insufficient memory for the Java Runtime Environment to continue.
# Native memory allocation (malloc) failed to allocate 1298496 bytes for Chunk::new
# Possible reasons:
#   The system is out of physical RAM or swap space
#   In 32 bit mode, the process size limit was hit
# Possible solutions:
#   Reduce memory load on the system
#   Increase physical memory or swap space
#   Check if swap backing store is full
#   Use 64 bit Java on a 64 bit OS
#   Decrease Java heap size (-Xmx/-Xms)
#   Decrease number of Java threads
#   Decrease Java thread stack sizes (-Xss)
#   Set larger code cache with -XX:ReservedCodeCacheSize=
# This output file may be truncated or incomplete.
#
#  Out of Memory Error (allocation.cpp:390), pid=9768, tid=9620
#
# JRE version: Java(TM) SE Runtime Environment (8.0_31-b13) (build 1.8.0_31-b13)
# Java VM: Java HotSpot(TM) 64-Bit Server VM (25.31-b07 mixed mode windows-amd64 compressed oops)
# Failed to write core dump. Minidumps are not enabled by default on client versions of Windows
#

---------------  T H R E A D  ---------------

Current thread (0x0000000055118000):  JavaThread "C2 CompilerThread0" daemon [_thread_in_native, id=9620, stack(0x0000000056bd0000,0x0000000056cd0000)]

Stack: [0x0000000056bd0000,0x0000000056cd0000]
Native frames: (J=compiled Java code, j=interpreted, Vv=VM code, C=native code)
V  [jvm.dll+0x3169ba]
V  [jvm.dll+0x2674c3]
V  [jvm.dll+0x268103]
V  [jvm.dll+0x25f8f5]
V  [jvm.dll+0xbf025]
V  [jvm.dll+0xbf4cc]
V  [jvm.dll+0x45df82]
V  [jvm.dll+0x49f21f]
V  [jvm.dll+0x452b35]
V  [jvm.dll+0x454124]
V  [jvm.dll+0x437c62]
V  [jvm.dll+0x988e2]
V  [jvm.dll+0x990d3]
V  [jvm.dll+0x22c194]
V  [jvm.dll+0x28576a]
C  [msvcr100.dll+0x21d9f]
C  [msvcr100.dll+0x21e3b]
C  [kernel32.dll+0x159bd]
C  [ntdll.dll+0x2a2e1]


Current CompileTask:
C2:17084644 17188       4       com.android.utils.XmlUtils::append (540 bytes)


---------------  P R O C E S S  ---------------

Java Threads: ( => current thread )
  0x000000005ae97000 JavaThread "Forward streams with process: command 'C:\Users\psoloveichik\AppData\Local\Android\sdk\build-tools\21.1.1\aapt.exe' Thread 3" [_thread_in_native, id=3556, stack(0x0000000062f40000,0x0000000063040000)]
  0x000000005ae98800 JavaThread "Forward streams with process: command 'C:\Users\psoloveichik\AppData\Local\Android\sdk\build-tools\21.1.1\aapt.exe' Thread 2" [_thread_in_native, id=6524, stack(0x00000000626b0000,0x00000000627b0000)]
  0x000000005ae96000 JavaThread "Forward streams with process: command 'C:\Users\psoloveichik\AppData\Local\Android\sdk\build-tools\21.1.1\aapt.exe'" [_thread_blocked, id=8388, stack(0x0000000062510000,0x0000000062610000)]
  0x000000005ae9c800 JavaThread "Run command 'C:\Users\psoloveichik\AppData\Local\Android\sdk\build-tools\21.1.1\aapt.exe'" [_thread_in_native, id=12924, stack(0x0000000061f30000,0x0000000062030000)]
  0x000000005870c000 JavaThread "Forward streams with process: command 'C:\Users\psoloveichik\AppData\Local\Android\sdk\build-tools\21.1.1\aapt.exe' Thread 3" [_thread_in_vm, id=8468, stack(0x00000000632f0000,0x00000000633f0000)]
  0x000000005ae9a000 JavaThread "Run command 'C:\Users\psoloveichik\AppData\Local\Android\sdk\build-tools\21.1.1\aapt.exe'" [_thread_blocked, id=10260, stack(0x0000000062360000,0x0000000062460000)]
  0x000000005870a000 JavaThread "Forward streams with process: command 'C:\Users\psoloveichik\AppData\Local\Android\sdk\build-tools\21.1.1\aapt.exe' Thread 3" [_thread_in_native, id=6772, stack(0x0000000062e10000,0x0000000062f10000)]
  0x000000005ae99800 JavaThread "Forward streams with process: command 'C:\Users\psoloveichik\AppData\Local\Android\sdk\build-tools\21.1.1\aapt.exe' Thread 2" [_thread_in_native, id=10776, stack(0x0000000062b20000,0x0000000062c20000)]
  0x000000005ae9b000 JavaThread "Forward streams with process: command 'C:\Users\psoloveichik\AppData\Local\Android\sdk\build-tools\21.1.1\aapt.exe'" [_thread_blocked, id=10744, stack(0x0000000062c80000,0x0000000062d80000)]
  0x000000005ae9d000 JavaThread "Run command 'C:\Users\psoloveichik\AppData\Local\Android\sdk\build-tools\21.1.1\aapt.exe'" [_thread_in_native, id=8500, stack(0x0000000062210000,0x0000000062310000)]
  0x0000000058707000 JavaThread "pool-10-thread-4" [_thread_blocked, id=8656, stack(0x00000000602e0000,0x00000000603e0000)]
  0x0000000058708800 JavaThread "pool-10-thread-3" [_thread_blocked, id=7688, stack(0x0000000061cb0000,0x0000000061db0000)]
  0x0000000058707800 JavaThread "pool-10-thread-2" [_thread_blocked, id=10508, stack(0x0000000061b10000,0x0000000061c10000)]
  0x0000000058709000 JavaThread "pool-10-thread-1" [_thread_blocked, id=5024, stack(0x00000000613e0000,0x00000000614e0000)]
  0x0000000058b52800 JavaThread "Stdin handler" [_thread_blocked, id=12148, stack(0x0000000061270000,0x0000000061370000)]
  0x0000000058b51800 JavaThread "Daemon worker Thread 9" [_thread_blocked, id=5072, stack(0x0000000061140000,0x0000000061240000)]
  0x0000000058b54800 JavaThread "Cancel handler" [_thread_blocked, id=11304, stack(0x00000000596b0000,0x00000000597b0000)]
  0x0000000058b53000 JavaThread "Handler for socket connection from /127.0.0.1:53962 to /127.0.0.1:60297" [_thread_in_native, id=8724, stack(0x0000000059570000,0x0000000059670000)]
  0x0000000058b51000 JavaThread "Daemon Thread 9" [_thread_blocked, id=7000, stack(0x0000000058300000,0x0000000058400000)]
  0x0000000058706000 JavaThread "pool-3-thread-4" [_thread_blocked, id=9432, stack(0x0000000061560000,0x0000000061660000)]
  0x0000000058b57000 JavaThread "pool-3-thread-3" [_thread_blocked, id=5972, stack(0x0000000060c10000,0x0000000060d10000)]
  0x0000000058705000 JavaThread "pool-3-thread-2" [_thread_blocked, id=10612, stack(0x0000000060fd0000,0x00000000610d0000)]
  0x0000000058b56000 JavaThread "pool-3-thread-1" [_thread_blocked, id=188, stack(0x0000000057200000,0x0000000057300000)]
  0x000000005b07d800 JavaThread "File lock request listener" [_thread_in_native, id=6844, stack(0x000000005c040000,0x000000005c140000)]
  0x0000000056835000 JavaThread "Incoming local TCP Connector on port 53962" [_thread_in_native, id=11336, stack(0x0000000057fc0000,0x00000000580c0000)]
  0x000000005511e800 JavaThread "Service Thread" daemon [_thread_blocked, id=9420, stack(0x00000000570d0000,0x00000000571d0000)]
  0x000000005665a800 JavaThread "C1 CompilerThread2" daemon [_thread_blocked, id=12964, stack(0x0000000056fc0000,0x00000000570c0000)]
  0x0000000056658800 JavaThread "C2 CompilerThread1" daemon [_thread_in_native, id=7556, stack(0x0000000056ea0000,0x0000000056fa0000)]
=>0x0000000055118000 JavaThread "C2 CompilerThread0" daemon [_thread_in_native, id=9620, stack(0x0000000056bd0000,0x0000000056cd0000)]
  0x0000000055117000 JavaThread "Attach Listener" daemon [_thread_blocked, id=8948, stack(0x0000000056cd0000,0x0000000056dd0000)]
  0x0000000055116000 JavaThread "Signal Dispatcher" daemon [_thread_blocked, id=12832, stack(0x0000000056a70000,0x0000000056b70000)]
  0x00000000550ba800 JavaThread "Finalizer" daemon [_thread_blocked, id=6632, stack(0x0000000056550000,0x0000000056650000)]
  0x00000000550b2000 JavaThread "Reference Handler" daemon [_thread_blocked, id=12588, stack(0x0000000056340000,0x0000000056440000)]
  0x000000000211f800 JavaThread "main" [_thread_blocked, id=7616, stack(0x00000000024f0000,0x00000000025f0000)]

Other Threads:
  0x00000000550aa800 VMThread [stack: 0x0000000056140000,0x0000000056240000] [id=10608]
  0x000000005511f800 WatcherThread [stack: 0x0000000057300000,0x0000000057400000] [id=12980]

VM state:synchronizing (normal execution)

VM Mutex/Monitor currently owned by a thread:  ([mutex/lock_event])
[0x000000000211d9b0] Threads_lock - owner thread: 0x00000000550aa800

Heap:
 PSYoungGen      total 315904K, used 154548K [0x00000000eab00000, 0x0000000100000000, 0x0000000100000000)
  eden space 292864K, 45% used [0x00000000eab00000,0x00000000f2bc7100,0x00000000fc900000)
  from space 23040K, 98% used [0x00000000fc900000,0x00000000fdf261f8,0x00000000fdf80000)
  to   space 30208K, 0% used [0x00000000fe280000,0x00000000fe280000,0x0000000100000000)
 ParOldGen       total 109056K, used 41391K [0x00000000c0000000, 0x00000000c6a80000, 0x00000000eab00000)
  object space 109056K, 37% used [0x00000000c0000000,0x00000000c286bcc0,0x00000000c6a80000)
 Metaspace       used 66506K, capacity 68710K, committed 69248K, reserved 1110016K
  class space    used 8536K, capacity 8973K, committed 9088K, reserved 1048576K

Card table byte_map: [0x0000000011c80000,0x0000000011e90000] byte_map_base: 0x0000000011680000

Marking Bits: (ParMarkBitMap*) 0x000000007006d4f0
 Begin Bits: [0x0000000012520000, 0x0000000013520000)
 End Bits:   [0x0000000013520000, 0x0000000014520000)

Polling page: 0x0000000000430000

CodeCache: size=245760Kb used=48495Kb max_used=49347Kb free=197264Kb
 bounds [0x00000000028c0000, 0x0000000005940000, 0x00000000118c0000]
 total_blobs=13903 nmethods=13147 adapters=667
 compilation: enabled

Compilation events (10 events):
Event: 17081.004 Thread 0x000000005665a800 17185   !   3       com.sun.org.apache.xerces.internal.dom.CoreDocumentImpl::adoptNode (520 bytes)
Event: 17081.006 Thread 0x000000005665a800 nmethod 17185 0x000000000592db10 code [0x000000000592e100, 0x0000000005932388]
Event: 17081.006 Thread 0x000000005665a800 17186       3       com.sun.org.apache.xerces.internal.dom.CoreDocumentImpl::callUserDataHandlers (87 bytes)
Event: 17081.006 Thread 0x000000005665a800 nmethod 17186 0x0000000005922790 code [0x0000000005922980, 0x0000000005923298]
Event: 17081.006 Thread 0x000000005665a800 17187       3       com.sun.org.apache.xerces.internal.dom.CoreDocumentImpl::setUserDataTable (33 bytes)
Event: 17081.007 Thread 0x000000005665a800 nmethod 17187 0x00000000059220d0 code [0x0000000005922280, 0x0000000005922658]
Event: 17081.012 Thread 0x0000000055118000 nmethod 17178 0x00000000059339d0 code [0x0000000005933bc0, 0x0000000005934968]
Event: 17081.012 Thread 0x0000000055118000 17184       4       com.android.ide.common.res2.NodeUtils::updateNamespace (161 bytes)
Event: 17081.034 Thread 0x0000000055118000 nmethod 17184 0x0000000005935490 code [0x0000000005935700, 0x0000000005936a20]
Event: 17081.034 Thread 0x0000000055118000 17188       4       com.android.utils.XmlUtils::append (540 bytes)

GC Heap History (10 events):
Event: 15547.587 GC heap before
{Heap before GC invocations=40 (full 10):
 PSYoungGen      total 286720K, used 4079K [0x00000000eab00000, 0x00000000fe000000, 0x0000000100000000)
  eden space 259072K, 0% used [0x00000000eab00000,0x00000000eab00000,0x00000000fa800000)
  from space 27648K, 14% used [0x00000000fc500000,0x00000000fc8fbe80,0x00000000fe000000)
  to   space 28672K, 0% used [0x00000000fa800000,0x00000000fa800000,0x00000000fc400000)
 ParOldGen       total 109056K, used 40532K [0x00000000c0000000, 0x00000000c6a80000, 0x00000000eab00000)
  object space 109056K, 37% used [0x00000000c0000000,0x00000000c2795058,0x00000000c6a80000)
 Metaspace       used 64922K, capacity 67190K, committed 67328K, reserved 1107968K
  class space    used 8399K, capacity 8834K, committed 8960K, reserved 1048576K
Event: 15564.752 GC heap after
Heap after GC invocations=40 (full 10):
 PSYoungGen      total 286720K, used 0K [0x00000000eab00000, 0x00000000fe000000, 0x0000000100000000)
  eden space 259072K, 0% used [0x00000000eab00000,0x00000000eab00000,0x00000000fa800000)
  from space 27648K, 0% used [0x00000000fc500000,0x00000000fc500000,0x00000000fe000000)
  to   space 28672K, 0% used [0x00000000fa800000,0x00000000fa800000,0x00000000fc400000)
 ParOldGen       total 109056K, used 29419K [0x00000000c0000000, 0x00000000c6a80000, 0x00000000eab00000)
  object space 109056K, 26% used [0x00000000c0000000,0x00000000c1cbaf78,0x00000000c6a80000)
 Metaspace       used 63780K, capacity 64846K, committed 67328K, reserved 1107968K
  class space    used 8101K, capacity 8243K, committed 8960K, reserved 1048576K
}
Event: 16928.105 GC heap before
{Heap before GC invocations=41 (full 10):
 PSYoungGen      total 286720K, used 259072K [0x00000000eab00000, 0x00000000fe000000, 0x0000000100000000)
  eden space 259072K, 100% used [0x00000000eab00000,0x00000000fa800000,0x00000000fa800000)
  from space 27648K, 0% used [0x00000000fc500000,0x00000000fc500000,0x00000000fe000000)
  to   space 28672K, 0% used [0x00000000fa800000,0x00000000fa800000,0x00000000fc400000)
 ParOldGen       total 109056K, used 29419K [0x00000000c0000000, 0x00000000c6a80000, 0x00000000eab00000)
  object space 109056K, 26% used [0x00000000c0000000,0x00000000c1cbaf78,0x00000000c6a80000)
 Metaspace       used 64373K, capacity 65788K, committed 67584K, reserved 1107968K
  class space    used 8199K, capacity 8394K, committed 8960K, reserved 1048576K
Event: 16929.481 GC heap after
Heap after GC invocations=41 (full 10):
 PSYoungGen      total 287744K, used 13727K [0x00000000eab00000, 0x0000000100000000, 0x0000000100000000)
  eden space 259072K, 0% used [0x00000000eab00000,0x00000000eab00000,0x00000000fa800000)
  from space 28672K, 47% used [0x00000000fa800000,0x00000000fb567c50,0x00000000fc400000)
  to   space 28672K, 0% used [0x00000000fe400000,0x00000000fe400000,0x0000000100000000)
 ParOldGen       total 109056K, used 29427K [0x00000000c0000000, 0x00000000c6a80000, 0x00000000eab00000)
  object space 109056K, 26% used [0x00000000c0000000,0x00000000c1cbcf78,0x00000000c6a80000)
 Metaspace       used 64373K, capacity 65788K, committed 67584K, reserved 1107968K
  class space    used 8199K, capacity 8394K, committed 8960K, reserved 1048576K
}
Event: 16975.618 GC heap before
{Heap before GC invocations=42 (full 10):
 PSYoungGen      total 287744K, used 178483K [0x00000000eab00000, 0x0000000100000000, 0x0000000100000000)
  eden space 259072K, 63% used [0x00000000eab00000,0x00000000f4be5248,0x00000000fa800000)
  from space 28672K, 47% used [0x00000000fa800000,0x00000000fb567c50,0x00000000fc400000)
  to   space 28672K, 0% used [0x00000000fe400000,0x00000000fe400000,0x0000000100000000)
 ParOldGen       total 109056K, used 29427K [0x00000000c0000000, 0x00000000c6a80000, 0x00000000eab00000)
  object space 109056K, 26% used [0x00000000c0000000,0x00000000c1cbcf78,0x00000000c6a80000)
 Metaspace       used 64798K, capacity 66620K, committed 67840K, reserved 1107968K
  class space    used 8327K, capacity 8683K, committed 8960K, reserved 1048576K
Event: 16979.784 GC heap after
Heap after GC invocations=42 (full 10):
 PSYoungGen      total 319488K, used 7393K [0x00000000eab00000, 0x00000000ffe00000, 0x0000000100000000)
  eden space 292864K, 0% used [0x00000000eab00000,0x00000000eab00000,0x00000000fc900000)
  from space 26624K, 27% used [0x00000000fe400000,0x00000000feb38460,0x00000000ffe00000)
  to   space 27136K, 0% used [0x00000000fc900000,0x00000000fc900000,0x00000000fe380000)
 ParOldGen       total 109056K, used 40600K [0x00000000c0000000, 0x00000000c6a80000, 0x00000000eab00000)
  object space 109056K, 37% used [0x00000000c0000000,0x00000000c27a6028,0x00000000c6a80000)
 Metaspace       used 64798K, capacity 66620K, committed 67840K, reserved 1107968K
  class space    used 8327K, capacity 8683K, committed 8960K, reserved 1048576K
}
Event: 16979.784 GC heap before
{Heap before GC invocations=43 (full 11):
 PSYoungGen      total 319488K, used 7393K [0x00000000eab00000, 0x00000000ffe00000, 0x0000000100000000)
  eden space 292864K, 0% used [0x00000000eab00000,0x00000000eab00000,0x00000000fc900000)
  from space 26624K, 27% used [0x00000000fe400000,0x00000000feb38460,0x00000000ffe00000)
  to   space 27136K, 0% used [0x00000000fc900000,0x00000000fc900000,0x00000000fe380000)
 ParOldGen       total 109056K, used 40600K [0x00000000c0000000, 0x00000000c6a80000, 0x00000000eab00000)
  object space 109056K, 37% used [0x00000000c0000000,0x00000000c27a6028,0x00000000c6a80000)
 Metaspace       used 64798K, capacity 66620K, committed 67840K, reserved 1107968K
  class space    used 8327K, capacity 8683K, committed 8960K, reserved 1048576K
Event: 16980.305 GC heap after
Heap after GC invocations=43 (full 11):
 PSYoungGen      total 319488K, used 0K [0x00000000eab00000, 0x00000000ffe00000, 0x0000000100000000)
  eden space 292864K, 0% used [0x00000000eab00000,0x00000000eab00000,0x00000000fc900000)
  from space 26624K, 0% used [0x00000000fe400000,0x00000000fe400000,0x00000000ffe00000)
  to   space 27136K, 0% used [0x00000000fc900000,0x00000000fc900000,0x00000000fe380000)
 ParOldGen       total 109056K, used 41383K [0x00000000c0000000, 0x00000000c6a80000, 0x00000000eab00000)
  object space 109056K, 37% used [0x00000000c0000000,0x00000000c2869cc0,0x00000000c6a80000)
 Metaspace       used 64580K, capacity 66228K, committed 67840K, reserved 1107968K
  class space    used 8285K, capacity 8617K, committed 8960K, reserved 1048576K
}
Event: 17078.659 GC heap before
{Heap before GC invocations=44 (full 11):
 PSYoungGen      total 319488K, used 292864K [0x00000000eab00000, 0x00000000ffe00000, 0x0000000100000000)
  eden space 292864K, 100% used [0x00000000eab00000,0x00000000fc900000,0x00000000fc900000)
  from space 26624K, 0% used [0x00000000fe400000,0x00000000fe400000,0x00000000ffe00000)
  to   space 27136K, 0% used [0x00000000fc900000,0x00000000fc900000,0x00000000fe380000)
 ParOldGen       total 109056K, used 41383K [0x00000000c0000000, 0x00000000c6a80000, 0x00000000eab00000)
  object space 109056K, 37% used [0x00000000c0000000,0x00000000c2869cc0,0x00000000c6a80000)
 Metaspace       used 66423K, capacity 68634K, committed 69248K, reserved 1110016K
  class space    used 8533K, capacity 8971K, committed 9088K, reserved 1048576K
Event: 17080.225 GC heap after
Heap after GC invocations=44 (full 11):
 PSYoungGen      total 315904K, used 22680K [0x00000000eab00000, 0x0000000100000000, 0x0000000100000000)
  eden space 292864K, 0% used [0x00000000eab00000,0x00000000eab00000,0x00000000fc900000)
  from space 23040K, 98% used [0x00000000fc900000,0x00000000fdf261f8,0x00000000fdf80000)
  to   space 30208K, 0% used [0x00000000fe280000,0x00000000fe280000,0x0000000100000000)
 ParOldGen       total 109056K, used 41391K [0x00000000c0000000, 0x00000000c6a80000, 0x00000000eab00000)
  object space 109056K, 37% used [0x00000000c0000000,0x00000000c286bcc0,0x00000000c6a80000)
 Metaspace       used 66423K, capacity 68634K, committed 69248K, reserved 1110016K
  class space    used 8533K, capacity 8971K, committed 9088K, reserved 1048576K
}

Deoptimization events (10 events):
Event: 17080.932 Thread 0x0000000058b51800 Uncommon trap: reason=unreached action=reinterpret pc=0x0000000004baf310 method=com.sun.org.apache.xerces.internal.dom.ElementImpl.setOwnerDocument(Lcom/sun/org/apache/xerces/internal/dom/CoreDocumentImpl;)V @ 9
Event: 17080.961 Thread 0x0000000058b51800 Uncommon trap: reason=unreached action=reinterpret pc=0x0000000004bd0ad8 method=com.sun.org.apache.xerces.internal.dom.CoreDocumentImpl.adoptNode(Lorg/w3c/dom/Node;)Lorg/w3c/dom/Node; @ 429
Event: 17081.004 Thread 0x0000000058b51800 Uncommon trap: reason=bimorphic action=maybe_recompile pc=0x000000000423d19c method=com.android.ide.common.res2.NodeUtils.updateNamespace(Lorg/w3c/dom/Node;Lorg/w3c/dom/Document;)V @ 136
Event: 17081.004 Thread 0x0000000058b51800 Uncommon trap: reason=bimorphic action=maybe_recompile pc=0x000000000423d17c method=com.android.ide.common.res2.NodeUtils.updateNamespace(Lorg/w3c/dom/Node;Lorg/w3c/dom/Document;)V @ 136
Event: 17081.004 Thread 0x0000000058b51800 Uncommon trap: reason=bimorphic action=maybe_recompile pc=0x000000000423d19c method=com.android.ide.common.res2.NodeUtils.updateNamespace(Lorg/w3c/dom/Node;Lorg/w3c/dom/Document;)V @ 136
Event: 17081.004 Thread 0x0000000058b51800 Uncommon trap: reason=bimorphic action=maybe_recompile pc=0x000000000423d19c method=com.android.ide.common.res2.NodeUtils.updateNamespace(Lorg/w3c/dom/Node;Lorg/w3c/dom/Document;)V @ 136
Event: 17081.006 Thread 0x0000000058b51800 Uncommon trap: reason=class_check action=maybe_recompile pc=0x0000000004be261c method=com.android.utils.XmlUtils.append(Lcom/android/utils/XmlUtils$PositionAwareStringBuilder;Lorg/w3c/dom/Node;Ljava/util/Map;)V @ 150
Event: 17081.017 Thread 0x0000000058b51800 Uncommon trap: reason=class_check action=maybe_recompile pc=0x0000000004be261c method=com.android.utils.XmlUtils.append(Lcom/android/utils/XmlUtils$PositionAwareStringBuilder;Lorg/w3c/dom/Node;Ljava/util/Map;)V @ 150
Event: 17081.017 Thread 0x0000000058b51800 Uncommon trap: reason=class_check action=maybe_recompile pc=0x0000000004be261c method=com.android.utils.XmlUtils.append(Lcom/android/utils/XmlUtils$PositionAwareStringBuilder;Lorg/w3c/dom/Node;Ljava/util/Map;)V @ 150
Event: 17081.018 Thread 0x0000000058b51800 Uncommon trap: reason=class_check action=maybe_recompile pc=0x0000000004be261c method=com.android.utils.XmlUtils.append(Lcom/android/utils/XmlUtils$PositionAwareStringBuilder;Lorg/w3c/dom/Node;Ljava/util/Map;)V @ 150

Internal exceptions (10 events):
Event: 17078.123 Thread 0x0000000058b51800 Exception <a 'java/security/PrivilegedActionException'> (0x00000000f94930d8) thrown at [C:\workspace\8-2-build-windows-amd64-cygwin\jdk8u31\2394\hotspot\src\share\vm\prims\jvm.cpp, line 1312]
Event: 17078.123 Thread 0x0000000058b51800 Exception <a 'java/security/PrivilegedActionException'> (0x00000000f949af48) thrown at [C:\workspace\8-2-build-windows-amd64-cygwin\jdk8u31\2394\hotspot\src\share\vm\prims\jvm.cpp, line 1312]
Event: 17078.123 Thread 0x0000000058b51800 Exception <a 'java/security/PrivilegedActionException'> (0x00000000f94a31b8) thrown at [C:\workspace\8-2-build-windows-amd64-cygwin\jdk8u31\2394\hotspot\src\share\vm\prims\jvm.cpp, line 1312]
Event: 17078.123 Thread 0x0000000058b51800 Exception <a 'java/security/PrivilegedActionException'> (0x00000000f94aaee8) thrown at [C:\workspace\8-2-build-windows-amd64-cygwin\jdk8u31\2394\hotspot\src\share\vm\prims\jvm.cpp, line 1312]
Event: 17078.124 Thread 0x0000000058b51800 Exception <a 'java/security/PrivilegedActionException'> (0x00000000f94b59c0) thrown at [C:\workspace\8-2-build-windows-amd64-cygwin\jdk8u31\2394\hotspot\src\share\vm\prims\jvm.cpp, line 1312]
Event: 17078.125 Thread 0x0000000058b51800 Exception <a 'java/security/PrivilegedActionException'> (0x00000000f9501138) thrown at [C:\workspace\8-2-build-windows-amd64-cygwin\jdk8u31\2394\hotspot\src\share\vm\prims\jvm.cpp, line 1312]
Event: 17078.172 Thread 0x0000000058b51800 Exception <a 'java/security/PrivilegedActionException'> (0x00000000f962ed58) thrown at [C:\workspace\8-2-build-windows-amd64-cygwin\jdk8u31\2394\hotspot\src\share\vm\prims\jvm.cpp, line 1312]
Event: 17078.534 Thread 0x0000000058b51800 Implicit null exception at 0x0000000004302463 to 0x0000000004302781
Event: 17080.824 Thread 0x0000000058b51800 Implicit null exception at 0x000000000574c827 to 0x000000000574e295
Event: 17080.932 Thread 0x0000000058b51800 Implicit null exception at 0x0000000004baee6b to 0x0000000004baf301

Events (10 events):
Event: 17081.018 Thread 0x0000000058b51800 DEOPT UNPACKING pc=0x000000000290556a sp=0x000000006123bbd0 mode 2
Event: 17081.024 Executing VM operation: RevokeBias
Event: 17081.028 Executing VM operation: RevokeBias done
Event: 17081.028 Thread 0x000000005b1ba000 Thread exited: 0x000000005b1ba000
Event: 17081.028 Executing VM operation: RevokeBias
Event: 17081.028 Executing VM operation: RevokeBias done
Event: 17081.029 Thread 0x000000005b1ba000 Thread added: 0x000000005b1ba000
Event: 17081.029 Thread 0x000000005ae98800 Thread added: 0x000000005ae98800
Event: 17081.029 Thread 0x000000005ae99800 Thread added: 0x000000005ae99800
Event: 17081.029 Thread 0x000000005ae9a000 Thread added: 0x000000005ae9a000


Dynamic libraries:
0x000000013f070000 - 0x000000013f0a4000 	C:\Program Files\Java\jdk1.8.0_31\bin\java.exe
0x0000000077160000 - 0x000000007730a000 	C:\Windows\SYSTEM32\ntdll.dll
0x0000000076f40000 - 0x000000007705f000 	C:\Windows\system32\kernel32.dll
0x000007fefd0c0000 - 0x000007fefd12a000 	C:\Windows\system32\KERNELBASE.dll
0x000007feff2f0000 - 0x000007feff3cb000 	C:\Windows\system32\ADVAPI32.dll
0x000007fefe880000 - 0x000007fefe91f000 	C:\Windows\system32\msvcrt.dll
0x000007fefea60000 - 0x000007fefea7f000 	C:\Windows\SYSTEM32\sechost.dll
0x000007fefe180000 - 0x000007fefe2ad000 	C:\Windows\system32\RPCRT4.dll
0x0000000077060000 - 0x000000007715a000 	C:\Windows\system32\USER32.dll
0x000007fefe510000 - 0x000007fefe577000 	C:\Windows\system32\GDI32.dll
0x000007fefe170000 - 0x000007fefe17e000 	C:\Windows\system32\LPK.dll
0x000007fefe990000 - 0x000007fefea5a000 	C:\Windows\system32\USP10.dll
0x000007fefb8a0000 - 0x000007fefba94000 	C:\Windows\WinSxS\amd64_microsoft.windows.common-controls_6595b64144ccf1df_6.0.7601.18837_none_fa3b1e3d17594757\COMCTL32.dll
0x000007feff0e0000 - 0x000007feff151000 	C:\Windows\system32\SHLWAPI.dll
0x000007fefe580000 - 0x000007fefe5ae000 	C:\Windows\system32\IMM32.DLL
0x000007fefefd0000 - 0x000007feff0d9000 	C:\Windows\system32\MSCTF.dll
0x0000000078f20000 - 0x0000000078ff2000 	C:\Program Files\Java\jdk1.8.0_31\jre\bin\msvcr100.dll
0x000000006f890000 - 0x00000000700ea000 	C:\Program Files\Java\jdk1.8.0_31\jre\bin\server\jvm.dll
0x000007fef9cd0000 - 0x000007fef9cd9000 	C:\Windows\system32\WSOCK32.dll
0x000007fefe4c0000 - 0x000007fefe50d000 	C:\Windows\system32\WS2_32.dll
0x000007fefe920000 - 0x000007fefe928000 	C:\Windows\system32\NSI.dll
0x000007fefb440000 - 0x000007fefb47b000 	C:\Windows\system32\WINMM.dll
0x0000000077320000 - 0x0000000077327000 	C:\Windows\system32\PSAPI.DLL
0x0000000058550000 - 0x000000005855f000 	C:\Program Files\Java\jdk1.8.0_31\jre\bin\verify.dll
0x0000000058520000 - 0x0000000058548000 	C:\Program Files\Java\jdk1.8.0_31\jre\bin\java.dll
0x0000000058500000 - 0x0000000058516000 	C:\Program Files\Java\jdk1.8.0_31\jre\bin\zip.dll
0x000007fefd300000 - 0x000007fefe08c000 	C:\Windows\system32\SHELL32.dll
0x000007fefe2b0000 - 0x000007fefe4b3000 	C:\Windows\system32\ole32.dll
0x000007fefceb0000 - 0x000007fefcebf000 	C:\Windows\system32\profapi.dll
0x00000000584e0000 - 0x00000000584fa000 	C:\Program Files\Java\jdk1.8.0_31\jre\bin\net.dll
0x000007fefc640000 - 0x000007fefc695000 	C:\Windows\system32\mswsock.dll
0x000007fefc630000 - 0x000007fefc637000 	C:\Windows\System32\wship6.dll
0x00000000584c0000 - 0x00000000584d1000 	C:\Program Files\Java\jdk1.8.0_31\jre\bin\nio.dll
0x000007fefaa00000 - 0x000007fefaa12000 	C:\Users\psoloveichik\.gradle\native\19\windows-amd64\native-platform.dll
0x000007feface0000 - 0x000007fefad07000 	C:\Windows\system32\IPHLPAPI.DLL
0x000007fefac80000 - 0x000007fefac8b000 	C:\Windows\system32\WINNSI.DLL
0x000007fefaac0000 - 0x000007fefaad1000 	C:\Windows\system32\dhcpcsvc6.DLL
0x000007fefaaa0000 - 0x000007fefaab8000 	C:\Windows\system32\dhcpcsvc.DLL
0x000007fefc6a0000 - 0x000007fefc6b8000 	C:\Windows\system32\CRYPTSP.dll
0x000007fefc390000 - 0x000007fefc3d7000 	C:\Windows\system32\rsaenh.dll
0x000007fefd170000 - 0x000007fefd18e000 	C:\Windows\system32\USERENV.dll
0x000007fefcca0000 - 0x000007fefccaf000 	C:\Windows\system32\CRYPTBASE.dll
0x000007fefcd90000 - 0x000007fefcde7000 	C:\Windows\system32\apphelp.dll
0x0000000001be0000 - 0x0000000001bed000 	C:\Program Files\Java\jdk1.8.0_31\jre\bin\management.dll
0x0000000070160000 - 0x0000000070184000 	C:\Program Files\Java\jdk1.8.0_31\jre\bin\sunec.dll
0x000007fefc030000 - 0x000007fefc037000 	C:\Windows\System32\wshtcpip.dll
0x000007fefc4c0000 - 0x000007fefc51b000 	C:\Windows\system32\DNSAPI.dll
0x000007fef9520000 - 0x000007fef9528000 	C:\Windows\system32\rasadhlp.dll
0x000007fefaaf0000 - 0x000007fefab43000 	C:\Windows\System32\fwpuclnt.dll
0x000007fefb080000 - 0x000007fefb095000 	C:\Windows\system32\NLAapi.dll
0x000007fef94e0000 - 0x000007fef94f5000 	C:\Windows\system32\napinsp.dll
0x000007fef9500000 - 0x000007fef9519000 	C:\Windows\system32\pnrpnsp.dll
0x000007fef94d0000 - 0x000007fef94db000 	C:\Windows\System32\winrnr.dll
0x000007fef8490000 - 0x000007fef85b5000 	C:\Windows\system32\dbghelp.dll

VM Arguments:
jvm_args: -XX:MaxPermSize=256m -XX:+HeapDumpOnOutOfMemoryError -Xmx1024m -Dfile.encoding=windows-1252 -Duser.country=US -Duser.language=en -Duser.variant 
java_command: org.gradle.launcher.daemon.bootstrap.GradleDaemon 2.10
java_class_path (initial): C:\Users\psoloveichik\.gradle\wrapper\dists\gradle-2.10-all\a4w5fzrkeut1ox71xslb49gst\gradle-2.10\lib\gradle-launcher-2.10.jar
Launcher Type: SUN_STANDARD

Environment Variables:
PATH=C:\Program Files (x86)\NVIDIA Corporation\PhysX\Common;C:\ProgramData\Oracle\Java\javapath;C:\Program Files (x86)\Intel\iCLS Client\;C:\Program Files\Intel\iCLS Client\;C:\Windows\system32;C:\Windows;C:\Windows\System32\Wbem;C:\Windows\System32\WindowsPowerShell\v1.0\;C:\Program Files\Intel\Intel(R) Management Engine Components\DAL;C:\Program Files\Intel\Intel(R) Management Engine Components\IPT;C:\Program Files (x86)\Intel\Intel(R) Management Engine Components\DAL;C:\Program Files (x86)\Intel\Intel(R) Management Engine Components\IPT;C:\Program Files\Microsoft SQL Server\Client SDK\ODBC\110\Tools\Binn\;C:\Program Files (x86)\Microsoft SQL Server\120\Tools\Binn\;C:\Program Files\Microsoft SQL Server\120\Tools\Binn\;C:\Program Files\Microsoft SQL Server\120\DTS\Binn\;C:\Program Files (x86)\Microsoft SQL Server\120\Tools\Binn\ManagementStudio\;C:\Program Files (x86)\Microsoft SQL Server\120\DTS\Binn\;C:\Program Files\TortoiseSVN\bin;C:\Program Files\Microsoft SQL Server\110\Tools\Binn\;C:\Program Files (x86)\TeleVantage\Client\Reporter\;C:\Program Files (x86)\Git\cmd;c:\Program Files (x86)\Microsoft SQL Server\90\Tools\binn\;C:\Program Files (x86)\Windows Kits\10\Windows Performance Toolkit\;C:\xampp\php;C:\Program Files\Wireshark;C:\curl-7.49.0-1\usr\bin;C:\Windows\system32\config\systemprofile\.dnx\bin;C:\Program Files\Microsoft DNX\Dnvm\;C:\Program Files\Microsoft SQL Server\130\Tools\Binn\;;C:\Users\psoloveichik\AppData\Local\Code\bin
USERNAME=psoloveichik
OS=Windows_NT
PROCESSOR_IDENTIFIER=Intel64 Family 6 Model 60 Stepping 3, GenuineIntel



---------------  S Y S T E M  ---------------

OS: Windows 7 , 64 bit Build 7601 Service Pack 1

CPU:total 4 (4 cores per cpu, 1 threads per core) family 6 model 60 stepping 3, cmov, cx8, fxsr, mmx, sse, sse2, sse3, ssse3, sse4.1, sse4.2, popcnt, avx, avx2, aes, clmul, erms, lzcnt, tsc, tscinvbit, bmi1, bmi2

Memory: 4k page, physical 8340240k(763532k free), swap 15506380k(208k free)

vm_info: Java HotSpot(TM) 64-Bit Server VM (25.31-b07) for windows-amd64 JRE (1.8.0_31-b13), built on Dec 17 2014 21:00:28 by "java_re" with MS VC++ 10.0 (VS2010)

time: Thu Sep 08 14:23:31 2016
elapsed time: 17083 seconds (0d 4h 44m 43s)

